INFO: [VRFC 10-2263] Analyzing Verilog file "/home/tortellini/Xilinx_projects/picorv32_project1/picorv32_project1.sim/sim_1/impl/func/xsim/design_1_wrapper_func_impl.v" into library xil_defaultlib
INFO: [VRFC 10-311] analyzing module clk_x_pntrs
INFO: [VRFC 10-311] analyzing module clk_x_pntrs_7
INFO: [VRFC 10-311] analyzing module dbg_hub
INFO: [VRFC 10-311] analyzing module dmem
INFO: [VRFC 10-311] analyzing module dmem_13
INFO: [VRFC 10-311] analyzing module fifo_generator_ramfifo
INFO: [VRFC 10-311] analyzing module fifo_generator_ramfifo__parameterized0
INFO: [VRFC 10-311] analyzing module fifo_generator_top
INFO: [VRFC 10-311] analyzing module fifo_generator_top__parameterized0
INFO: [VRFC 10-311] analyzing module fifo_generator_v13_1_4
INFO: [VRFC 10-311] analyzing module fifo_generator_v13_1_4__parameterized0
INFO: [VRFC 10-311] analyzing module fifo_generator_v13_1_4_synth
INFO: [VRFC 10-311] analyzing module fifo_generator_v13_1_4_synth__parameterized0
INFO: [VRFC 10-311] analyzing module ltlib_v1_0_0_bscan
INFO: [VRFC 10-311] analyzing module ltlib_v1_0_0_generic_mux
INFO: [VRFC 10-311] analyzing module memory
INFO: [VRFC 10-311] analyzing module memory__parameterized0
INFO: [VRFC 10-311] analyzing module rd_bin_cntr
INFO: [VRFC 10-311] analyzing module rd_bin_cntr_18
INFO: [VRFC 10-311] analyzing module rd_fwft
INFO: [VRFC 10-311] analyzing module rd_handshaking_flags
INFO: [VRFC 10-311] analyzing module rd_handshaking_flags__parameterized0
INFO: [VRFC 10-311] analyzing module rd_logic
INFO: [VRFC 10-311] analyzing module rd_logic__parameterized0
INFO: [VRFC 10-311] analyzing module rd_status_flags_as
INFO: [VRFC 10-311] analyzing module rd_status_flags_as_17
INFO: [VRFC 10-311] analyzing module reset_blk_ramfifo
INFO: [VRFC 10-311] analyzing module reset_blk_ramfifo_8
INFO: [VRFC 10-311] analyzing module synchronizer_ff
INFO: [VRFC 10-311] analyzing module synchronizer_ff_1
INFO: [VRFC 10-311] analyzing module synchronizer_ff_10
INFO: [VRFC 10-311] analyzing module synchronizer_ff_11
INFO: [VRFC 10-311] analyzing module synchronizer_ff_12
INFO: [VRFC 10-311] analyzing module synchronizer_ff_2
INFO: [VRFC 10-311] analyzing module synchronizer_ff_3
INFO: [VRFC 10-311] analyzing module synchronizer_ff_9
INFO: [VRFC 10-311] analyzing module synchronizer_ff__parameterized0
INFO: [VRFC 10-311] analyzing module synchronizer_ff__parameterized0_19
INFO: [VRFC 10-311] analyzing module synchronizer_ff__parameterized0_20
INFO: [VRFC 10-311] analyzing module synchronizer_ff__parameterized0_21
INFO: [VRFC 10-311] analyzing module synchronizer_ff__parameterized0_22
INFO: [VRFC 10-311] analyzing module synchronizer_ff__parameterized0_4
INFO: [VRFC 10-311] analyzing module synchronizer_ff__parameterized0_5
INFO: [VRFC 10-311] analyzing module synchronizer_ff__parameterized0_6
INFO: [VRFC 10-311] analyzing module wr_bin_cntr
INFO: [VRFC 10-311] analyzing module wr_bin_cntr_16
INFO: [VRFC 10-311] analyzing module wr_handshaking_flags
INFO: [VRFC 10-311] analyzing module wr_handshaking_flags_15
INFO: [VRFC 10-311] analyzing module wr_logic
INFO: [VRFC 10-311] analyzing module wr_logic__parameterized0
INFO: [VRFC 10-311] analyzing module wr_status_flags_as
INFO: [VRFC 10-311] analyzing module wr_status_flags_as_14
INFO: [VRFC 10-311] analyzing module xsdbm_v3_0_0_addr_ctl
INFO: [VRFC 10-311] analyzing module xsdbm_v3_0_0_bscan_switch
INFO: [VRFC 10-311] analyzing module xsdbm_v3_0_0_burst_wdlen_ctl
INFO: [VRFC 10-311] analyzing module xsdbm_v3_0_0_bus_ctl
INFO: [VRFC 10-311] analyzing module xsdbm_v3_0_0_bus_ctl_cnt
INFO: [VRFC 10-311] analyzing module xsdbm_v3_0_0_bus_ctl_flg
INFO: [VRFC 10-311] analyzing module xsdbm_v3_0_0_bus_ctl_flg__parameterized0
INFO: [VRFC 10-311] analyzing module xsdbm_v3_0_0_bus_mstr2sl_if
INFO: [VRFC 10-311] analyzing module xsdbm_v3_0_0_cmd_decode
INFO: [VRFC 10-311] analyzing module xsdbm_v3_0_0_ctl_reg
INFO: [VRFC 10-311] analyzing module xsdbm_v3_0_0_ctl_reg__parameterized0
INFO: [VRFC 10-311] analyzing module xsdbm_v3_0_0_ctl_reg__parameterized1
INFO: [VRFC 10-311] analyzing module xsdbm_v3_0_0_ctl_reg__parameterized2
INFO: [VRFC 10-311] analyzing module xsdbm_v3_0_0_icon
INFO: [VRFC 10-311] analyzing module xsdbm_v3_0_0_icon2xsdb
INFO: [VRFC 10-311] analyzing module xsdbm_v3_0_0_if
INFO: [VRFC 10-311] analyzing module xsdbm_v3_0_0_if_static_status
INFO: [VRFC 10-311] analyzing module xsdbm_v3_0_0_rdfifo
INFO: [VRFC 10-311] analyzing module xsdbm_v3_0_0_rdreg
INFO: [VRFC 10-311] analyzing module xsdbm_v3_0_0_stat
INFO: [VRFC 10-311] analyzing module xsdbm_v3_0_0_stat_reg
INFO: [VRFC 10-311] analyzing module xsdbm_v3_0_0_stat_reg__parameterized0
INFO: [VRFC 10-311] analyzing module xsdbm_v3_0_0_stat_reg__parameterized0_0
INFO: [VRFC 10-311] analyzing module xsdbm_v3_0_0_sync
INFO: [VRFC 10-311] analyzing module xsdbm_v3_0_0_wrfifo
INFO: [VRFC 10-311] analyzing module xsdbm_v3_0_0_wrreg
INFO: [VRFC 10-311] analyzing module xsdbm_v3_0_0_xsdbm
INFO: [VRFC 10-311] analyzing module xsdbm_v3_0_0_xsdbm_id
INFO: [VRFC 10-311] analyzing module design_1
INFO: [VRFC 10-311] analyzing module design_1_auto_pc_0
INFO: [VRFC 10-311] analyzing module design_1_auto_pc_0_axi_protocol_converter_v2_1_26_axi_protocol_converter
INFO: [VRFC 10-311] analyzing module design_1_auto_pc_0_axi_protocol_converter_v2_1_26_b2s
INFO: [VRFC 10-311] analyzing module design_1_auto_pc_0_axi_protocol_converter_v2_1_26_b2s_ar_channel
INFO: [VRFC 10-311] analyzing module design_1_auto_pc_0_axi_protocol_converter_v2_1_26_b2s_aw_channel
INFO: [VRFC 10-311] analyzing module design_1_auto_pc_0_axi_protocol_converter_v2_1_26_b2s_b_channel
INFO: [VRFC 10-311] analyzing module design_1_auto_pc_0_axi_protocol_converter_v2_1_26_b2s_cmd_translator
INFO: [VRFC 10-311] analyzing module design_1_auto_pc_0_axi_protocol_converter_v2_1_26_b2s_cmd_translator_1
INFO: [VRFC 10-311] analyzing module design_1_auto_pc_0_axi_protocol_converter_v2_1_26_b2s_incr_cmd
INFO: [VRFC 10-311] analyzing module design_1_auto_pc_0_axi_protocol_converter_v2_1_26_b2s_incr_cmd_2
INFO: [VRFC 10-311] analyzing module design_1_auto_pc_0_axi_protocol_converter_v2_1_26_b2s_r_channel
INFO: [VRFC 10-311] analyzing module design_1_auto_pc_0_axi_protocol_converter_v2_1_26_b2s_rd_cmd_fsm
INFO: [VRFC 10-311] analyzing module design_1_auto_pc_0_axi_protocol_converter_v2_1_26_b2s_simple_fifo
INFO: [VRFC 10-311] analyzing module design_1_auto_pc_0_axi_protocol_converter_v2_1_26_b2s_simple_fifo__parameterized0
INFO: [VRFC 10-311] analyzing module design_1_auto_pc_0_axi_protocol_converter_v2_1_26_b2s_simple_fifo__parameterized1
INFO: [VRFC 10-311] analyzing module design_1_auto_pc_0_axi_protocol_converter_v2_1_26_b2s_simple_fifo__parameterized2
INFO: [VRFC 10-311] analyzing module design_1_auto_pc_0_axi_protocol_converter_v2_1_26_b2s_wr_cmd_fsm
INFO: [VRFC 10-311] analyzing module design_1_auto_pc_0_axi_protocol_converter_v2_1_26_b2s_wrap_cmd
INFO: [VRFC 10-311] analyzing module design_1_auto_pc_0_axi_protocol_converter_v2_1_26_b2s_wrap_cmd_3
INFO: [VRFC 10-311] analyzing module design_1_auto_pc_0_axi_register_slice_v2_1_26_axi_register_slice
INFO: [VRFC 10-311] analyzing module design_1_auto_pc_0_axi_register_slice_v2_1_26_axic_register_slice
INFO: [VRFC 10-311] analyzing module design_1_auto_pc_0_axi_register_slice_v2_1_26_axic_register_slice_0
INFO: [VRFC 10-311] analyzing module design_1_auto_pc_0_axi_register_slice_v2_1_26_axic_register_slice__parameterized1
INFO: [VRFC 10-311] analyzing module design_1_auto_pc_0_axi_register_slice_v2_1_26_axic_register_slice__parameterized2
INFO: [VRFC 10-311] analyzing module design_1_auto_pc_1
INFO: [VRFC 10-311] analyzing module design_1_auto_pc_1_axi_protocol_converter_v2_1_26_axi_protocol_converter
INFO: [VRFC 10-311] analyzing module design_1_axi_bram_ctrl_0_0
INFO: [VRFC 10-311] analyzing module design_1_axi_bram_ctrl_0_0_SRL_FIFO
INFO: [VRFC 10-311] analyzing module design_1_axi_bram_ctrl_0_0_axi_bram_ctrl
INFO: [VRFC 10-311] analyzing module design_1_axi_bram_ctrl_0_0_axi_bram_ctrl_top
INFO: [VRFC 10-311] analyzing module design_1_axi_bram_ctrl_0_0_full_axi
INFO: [VRFC 10-311] analyzing module design_1_axi_bram_ctrl_0_0_rd_chnl
INFO: [VRFC 10-311] analyzing module design_1_axi_bram_ctrl_0_0_sng_port_arb
INFO: [VRFC 10-311] analyzing module design_1_axi_bram_ctrl_0_0_wr_chnl
INFO: [VRFC 10-311] analyzing module design_1_axi_bram_ctrl_0_0_wrap_brst
INFO: [VRFC 10-311] analyzing module design_1_axi_bram_ctrl_0_0_wrap_brst_0
INFO: [VRFC 10-311] analyzing module design_1_axi_bram_ctrl_0_bram_0
INFO: [VRFC 10-311] analyzing module design_1_axi_gpio_0_0
INFO: [VRFC 10-311] analyzing module design_1_axi_gpio_0_0_GPIO_Core
INFO: [VRFC 10-311] analyzing module design_1_axi_gpio_0_0_address_decoder
INFO: [VRFC 10-311] analyzing module design_1_axi_gpio_0_0_axi_gpio
INFO: [VRFC 10-311] analyzing module design_1_axi_gpio_0_0_axi_lite_ipif
INFO: [VRFC 10-311] analyzing module design_1_axi_gpio_0_0_cdc_sync
INFO: [VRFC 10-311] analyzing module design_1_axi_gpio_0_0_pselect_f
INFO: [VRFC 10-311] analyzing module design_1_axi_gpio_0_0_pselect_f__parameterized1
INFO: [VRFC 10-311] analyzing module design_1_axi_gpio_0_0_slave_attachment
INFO: [VRFC 10-311] analyzing module design_1_axi_interconnect_0_0
INFO: [VRFC 10-311] analyzing module design_1_clk_wiz_0_0
INFO: [VRFC 10-311] analyzing module design_1_clk_wiz_0_0_clk_wiz
INFO: [VRFC 10-311] analyzing module design_1_jtag_axi_0_0
INFO: [VRFC 10-311] analyzing module design_1_jtag_axi_0_0_xpm_cdc_gray
INFO: [VRFC 10-311] analyzing module design_1_jtag_axi_0_0_xpm_cdc_gray__4
INFO: [VRFC 10-311] analyzing module design_1_jtag_axi_0_0_xpm_cdc_gray__5
INFO: [VRFC 10-311] analyzing module design_1_jtag_axi_0_0_xpm_cdc_gray__6
INFO: [VRFC 10-311] analyzing module design_1_jtag_axi_0_0_xpm_cdc_gray__parameterized2
INFO: [VRFC 10-311] analyzing module design_1_jtag_axi_0_0_xpm_cdc_gray__parameterized2__4
INFO: [VRFC 10-311] analyzing module design_1_jtag_axi_0_0_xpm_cdc_gray__parameterized2__5
INFO: [VRFC 10-311] analyzing module design_1_jtag_axi_0_0_xpm_cdc_gray__parameterized2__6
INFO: [VRFC 10-311] analyzing module design_1_picorv32_axi_0_0
INFO: [VRFC 10-311] analyzing module design_1_picorv32_axi_0_0_picorv32
INFO: [VRFC 10-311] analyzing module design_1_picorv32_axi_0_0_picorv32_axi
INFO: [VRFC 10-311] analyzing module design_1_picorv32_axi_0_0_picorv32_axi_adapter
INFO: [VRFC 10-311] analyzing module design_1_picorv32_axi_0_0_picorv32_pcpi_div
INFO: [VRFC 10-311] analyzing module design_1_picorv32_axi_0_0_picorv32_pcpi_fast_mul
INFO: [VRFC 10-311] analyzing module design_1_proc_sys_reset_0_0
INFO: [VRFC 10-311] analyzing module design_1_proc_sys_reset_0_0_cdc_sync
INFO: [VRFC 10-311] analyzing module design_1_proc_sys_reset_0_0_cdc_sync_0
INFO: [VRFC 10-311] analyzing module design_1_proc_sys_reset_0_0_lpf
INFO: [VRFC 10-311] analyzing module design_1_proc_sys_reset_0_0_proc_sys_reset
INFO: [VRFC 10-311] analyzing module design_1_proc_sys_reset_0_0_sequence_psr
INFO: [VRFC 10-311] analyzing module design_1_proc_sys_reset_0_0_upcnt_n
INFO: [VRFC 10-311] analyzing module design_1_util_vector_logic_0_0
INFO: [VRFC 10-311] analyzing module design_1_wrapper
INFO: [VRFC 10-311] analyzing module design_1_xbar_0
INFO: [VRFC 10-311] analyzing module design_1_xbar_0_axi_crossbar_v2_1_27_addr_arbiter
INFO: [VRFC 10-311] analyzing module design_1_xbar_0_axi_crossbar_v2_1_27_addr_arbiter_0
INFO: [VRFC 10-311] analyzing module design_1_xbar_0_axi_crossbar_v2_1_27_arbiter_resp
INFO: [VRFC 10-311] analyzing module design_1_xbar_0_axi_crossbar_v2_1_27_arbiter_resp_9
INFO: [VRFC 10-311] analyzing module design_1_xbar_0_axi_crossbar_v2_1_27_axi_crossbar
INFO: [VRFC 10-311] analyzing module design_1_xbar_0_axi_crossbar_v2_1_27_crossbar
INFO: [VRFC 10-311] analyzing module design_1_xbar_0_axi_crossbar_v2_1_27_decerr_slave
INFO: [VRFC 10-311] analyzing module design_1_xbar_0_axi_crossbar_v2_1_27_si_transactor
INFO: [VRFC 10-311] analyzing module design_1_xbar_0_axi_crossbar_v2_1_27_si_transactor__parameterized0
INFO: [VRFC 10-311] analyzing module design_1_xbar_0_axi_crossbar_v2_1_27_si_transactor__parameterized1
INFO: [VRFC 10-311] analyzing module design_1_xbar_0_axi_crossbar_v2_1_27_si_transactor__parameterized2
INFO: [VRFC 10-311] analyzing module design_1_xbar_0_axi_crossbar_v2_1_27_splitter
INFO: [VRFC 10-311] analyzing module design_1_xbar_0_axi_crossbar_v2_1_27_splitter_4
INFO: [VRFC 10-311] analyzing module design_1_xbar_0_axi_crossbar_v2_1_27_splitter_5
INFO: [VRFC 10-311] analyzing module design_1_xbar_0_axi_crossbar_v2_1_27_wdata_mux
INFO: [VRFC 10-311] analyzing module design_1_xbar_0_axi_crossbar_v2_1_27_wdata_mux_1
INFO: [VRFC 10-311] analyzing module design_1_xbar_0_axi_crossbar_v2_1_27_wdata_mux__parameterized0
INFO: [VRFC 10-311] analyzing module design_1_xbar_0_axi_crossbar_v2_1_27_wdata_router
INFO: [VRFC 10-311] analyzing module design_1_xbar_0_axi_crossbar_v2_1_27_wdata_router__parameterized0
INFO: [VRFC 10-311] analyzing module design_1_xbar_0_axi_data_fifo_v2_1_25_axic_reg_srl_fifo
INFO: [VRFC 10-311] analyzing module design_1_xbar_0_axi_data_fifo_v2_1_25_axic_reg_srl_fifo__parameterized0
INFO: [VRFC 10-311] analyzing module design_1_xbar_0_axi_data_fifo_v2_1_25_axic_reg_srl_fifo__parameterized1
INFO: [VRFC 10-311] analyzing module design_1_xbar_0_axi_data_fifo_v2_1_25_axic_reg_srl_fifo__parameterized1_16
INFO: [VRFC 10-311] analyzing module design_1_xbar_0_axi_data_fifo_v2_1_25_axic_reg_srl_fifo__parameterized2
INFO: [VRFC 10-311] analyzing module design_1_xbar_0_axi_data_fifo_v2_1_25_ndeep_srl
INFO: [VRFC 10-311] analyzing module design_1_xbar_0_axi_data_fifo_v2_1_25_ndeep_srl_10
INFO: [VRFC 10-311] analyzing module design_1_xbar_0_axi_data_fifo_v2_1_25_ndeep_srl_13
INFO: [VRFC 10-311] analyzing module design_1_xbar_0_axi_data_fifo_v2_1_25_ndeep_srl_17
INFO: [VRFC 10-311] analyzing module design_1_xbar_0_axi_data_fifo_v2_1_25_ndeep_srl_6
INFO: [VRFC 10-311] analyzing module design_1_xbar_0_axi_data_fifo_v2_1_25_ndeep_srl_7
INFO: [VRFC 10-311] analyzing module design_1_xbar_0_axi_data_fifo_v2_1_25_ndeep_srl_8
INFO: [VRFC 10-311] analyzing module design_1_xbar_0_axi_register_slice_v2_1_26_axi_register_slice
INFO: [VRFC 10-311] analyzing module design_1_xbar_0_axi_register_slice_v2_1_26_axi_register_slice_2
INFO: [VRFC 10-311] analyzing module design_1_xbar_0_axi_register_slice_v2_1_26_axi_register_slice_3
INFO: [VRFC 10-311] analyzing module design_1_xbar_0_axi_register_slice_v2_1_26_axic_register_slice__parameterized1
INFO: [VRFC 10-311] analyzing module design_1_xbar_0_axi_register_slice_v2_1_26_axic_register_slice__parameterized1_11
INFO: [VRFC 10-311] analyzing module design_1_xbar_0_axi_register_slice_v2_1_26_axic_register_slice__parameterized1_14
INFO: [VRFC 10-311] analyzing module design_1_xbar_0_axi_register_slice_v2_1_26_axic_register_slice__parameterized2
INFO: [VRFC 10-311] analyzing module design_1_xbar_0_axi_register_slice_v2_1_26_axic_register_slice__parameterized2_12
INFO: [VRFC 10-311] analyzing module design_1_xbar_0_axi_register_slice_v2_1_26_axic_register_slice__parameterized2_15
INFO: [VRFC 10-311] analyzing module m01_couplers_imp_I4GRPB
INFO: [VRFC 10-311] analyzing module s01_couplers_imp_1F69D31
INFO: [VRFC 10-311] analyzing module design_1_jtag_axi_0_0_jtag_axi_v1_2_15_axi_bridge
INFO: [VRFC 10-311] analyzing module design_1_jtag_axi_0_0_jtag_axi_v1_2_15_cmd_decode
INFO: [VRFC 10-311] analyzing module design_1_jtag_axi_0_0_jtag_axi_v1_2_15_cmd_decode_0
INFO: [VRFC 10-311] analyzing module design_1_jtag_axi_0_0_jtag_axi_v1_2_15_jtag_axi
INFO: [VRFC 10-311] analyzing module design_1_jtag_axi_0_0_jtag_axi_v1_2_15_jtag_axi_engine
INFO: [VRFC 10-311] analyzing module design_1_jtag_axi_0_0_jtag_axi_v1_2_15_read_axi
INFO: [VRFC 10-311] analyzing module design_1_jtag_axi_0_0_jtag_axi_v1_2_15_rxfifo2xsdb
INFO: [VRFC 10-311] analyzing module design_1_jtag_axi_0_0_jtag_axi_v1_2_15_write_axi
INFO: [VRFC 10-311] analyzing module design_1_jtag_axi_0_0_jtag_axi_v1_2_15_xsdb2txfifo
INFO: [VRFC 10-311] analyzing module design_1_jtag_axi_0_0_jtag_axi_v1_2_15_xsdb2txfifo__parameterized0
INFO: [VRFC 10-311] analyzing module design_1_jtag_axi_0_0_jtag_axi_v1_2_15_xsdb2txfifo__parameterized0_1
INFO: [VRFC 10-311] analyzing module design_1_jtag_axi_0_0_jtag_axi_v1_2_15_xsdb_fifo_interface
INFO: [VRFC 10-311] analyzing module design_1_jtag_axi_0_0_xsdbs_v1_0_2_xsdbs
INFO: [VRFC 10-311] analyzing module design_1_axi_bram_ctrl_0_bram_0_blk_mem_gen_generic_cstr
INFO: [VRFC 10-311] analyzing module design_1_axi_bram_ctrl_0_bram_0_blk_mem_gen_mux
INFO: [VRFC 10-311] analyzing module design_1_axi_bram_ctrl_0_bram_0_blk_mem_gen_prim_width
INFO: [VRFC 10-311] analyzing module design_1_axi_bram_ctrl_0_bram_0_blk_mem_gen_prim_width__parameterized0
INFO: [VRFC 10-311] analyzing module design_1_axi_bram_ctrl_0_bram_0_blk_mem_gen_prim_width__parameterized1
INFO: [VRFC 10-311] analyzing module design_1_axi_bram_ctrl_0_bram_0_blk_mem_gen_prim_width__parameterized10
INFO: [VRFC 10-311] analyzing module design_1_axi_bram_ctrl_0_bram_0_blk_mem_gen_prim_width__parameterized11
INFO: [VRFC 10-311] analyzing module design_1_axi_bram_ctrl_0_bram_0_blk_mem_gen_prim_width__parameterized12
INFO: [VRFC 10-311] analyzing module design_1_axi_bram_ctrl_0_bram_0_blk_mem_gen_prim_width__parameterized13
INFO: [VRFC 10-311] analyzing module design_1_axi_bram_ctrl_0_bram_0_blk_mem_gen_prim_width__parameterized14
INFO: [VRFC 10-311] analyzing module design_1_axi_bram_ctrl_0_bram_0_blk_mem_gen_prim_width__parameterized15
INFO: [VRFC 10-311] analyzing module design_1_axi_bram_ctrl_0_bram_0_blk_mem_gen_prim_width__parameterized16
INFO: [VRFC 10-311] analyzing module design_1_axi_bram_ctrl_0_bram_0_blk_mem_gen_prim_width__parameterized17
INFO: [VRFC 10-311] analyzing module design_1_axi_bram_ctrl_0_bram_0_blk_mem_gen_prim_width__parameterized18
INFO: [VRFC 10-311] analyzing module design_1_axi_bram_ctrl_0_bram_0_blk_mem_gen_prim_width__parameterized19
INFO: [VRFC 10-311] analyzing module design_1_axi_bram_ctrl_0_bram_0_blk_mem_gen_prim_width__parameterized2
INFO: [VRFC 10-311] analyzing module design_1_axi_bram_ctrl_0_bram_0_blk_mem_gen_prim_width__parameterized20
INFO: [VRFC 10-311] analyzing module design_1_axi_bram_ctrl_0_bram_0_blk_mem_gen_prim_width__parameterized21
INFO: [VRFC 10-311] analyzing module design_1_axi_bram_ctrl_0_bram_0_blk_mem_gen_prim_width__parameterized22
INFO: [VRFC 10-311] analyzing module design_1_axi_bram_ctrl_0_bram_0_blk_mem_gen_prim_width__parameterized23
INFO: [VRFC 10-311] analyzing module design_1_axi_bram_ctrl_0_bram_0_blk_mem_gen_prim_width__parameterized24
INFO: [VRFC 10-311] analyzing module design_1_axi_bram_ctrl_0_bram_0_blk_mem_gen_prim_width__parameterized25
INFO: [VRFC 10-311] analyzing module design_1_axi_bram_ctrl_0_bram_0_blk_mem_gen_prim_width__parameterized26
INFO: [VRFC 10-311] analyzing module design_1_axi_bram_ctrl_0_bram_0_blk_mem_gen_prim_width__parameterized27
INFO: [VRFC 10-311] analyzing module design_1_axi_bram_ctrl_0_bram_0_blk_mem_gen_prim_width__parameterized3
INFO: [VRFC 10-311] analyzing module design_1_axi_bram_ctrl_0_bram_0_blk_mem_gen_prim_width__parameterized4
INFO: [VRFC 10-311] analyzing module design_1_axi_bram_ctrl_0_bram_0_blk_mem_gen_prim_width__parameterized5
INFO: [VRFC 10-311] analyzing module design_1_axi_bram_ctrl_0_bram_0_blk_mem_gen_prim_width__parameterized6
INFO: [VRFC 10-311] analyzing module design_1_axi_bram_ctrl_0_bram_0_blk_mem_gen_prim_width__parameterized7
INFO: [VRFC 10-311] analyzing module design_1_axi_bram_ctrl_0_bram_0_blk_mem_gen_prim_width__parameterized8
INFO: [VRFC 10-311] analyzing module design_1_axi_bram_ctrl_0_bram_0_blk_mem_gen_prim_width__parameterized9
INFO: [VRFC 10-311] analyzing module design_1_axi_bram_ctrl_0_bram_0_blk_mem_gen_prim_wrapper_init
INFO: [VRFC 10-311] analyzing module design_1_axi_bram_ctrl_0_bram_0_blk_mem_gen_prim_wrapper_init__parameterized0
INFO: [VRFC 10-311] analyzing module design_1_axi_bram_ctrl_0_bram_0_blk_mem_gen_prim_wrapper_init__parameterized1
INFO: [VRFC 10-311] analyzing module design_1_axi_bram_ctrl_0_bram_0_blk_mem_gen_prim_wrapper_init__parameterized10
INFO: [VRFC 10-311] analyzing module design_1_axi_bram_ctrl_0_bram_0_blk_mem_gen_prim_wrapper_init__parameterized11
INFO: [VRFC 10-311] analyzing module design_1_axi_bram_ctrl_0_bram_0_blk_mem_gen_prim_wrapper_init__parameterized12
INFO: [VRFC 10-311] analyzing module design_1_axi_bram_ctrl_0_bram_0_blk_mem_gen_prim_wrapper_init__parameterized13
INFO: [VRFC 10-311] analyzing module design_1_axi_bram_ctrl_0_bram_0_blk_mem_gen_prim_wrapper_init__parameterized14
INFO: [VRFC 10-311] analyzing module design_1_axi_bram_ctrl_0_bram_0_blk_mem_gen_prim_wrapper_init__parameterized15
INFO: [VRFC 10-311] analyzing module design_1_axi_bram_ctrl_0_bram_0_blk_mem_gen_prim_wrapper_init__parameterized16
INFO: [VRFC 10-311] analyzing module design_1_axi_bram_ctrl_0_bram_0_blk_mem_gen_prim_wrapper_init__parameterized17
INFO: [VRFC 10-311] analyzing module design_1_axi_bram_ctrl_0_bram_0_blk_mem_gen_prim_wrapper_init__parameterized18
INFO: [VRFC 10-311] analyzing module design_1_axi_bram_ctrl_0_bram_0_blk_mem_gen_prim_wrapper_init__parameterized19
INFO: [VRFC 10-311] analyzing module design_1_axi_bram_ctrl_0_bram_0_blk_mem_gen_prim_wrapper_init__parameterized2
INFO: [VRFC 10-311] analyzing module design_1_axi_bram_ctrl_0_bram_0_blk_mem_gen_prim_wrapper_init__parameterized20
INFO: [VRFC 10-311] analyzing module design_1_axi_bram_ctrl_0_bram_0_blk_mem_gen_prim_wrapper_init__parameterized21
INFO: [VRFC 10-311] analyzing module design_1_axi_bram_ctrl_0_bram_0_blk_mem_gen_prim_wrapper_init__parameterized22
INFO: [VRFC 10-311] analyzing module design_1_axi_bram_ctrl_0_bram_0_blk_mem_gen_prim_wrapper_init__parameterized23
INFO: [VRFC 10-311] analyzing module design_1_axi_bram_ctrl_0_bram_0_blk_mem_gen_prim_wrapper_init__parameterized24
INFO: [VRFC 10-311] analyzing module design_1_axi_bram_ctrl_0_bram_0_blk_mem_gen_prim_wrapper_init__parameterized25
INFO: [VRFC 10-311] analyzing module design_1_axi_bram_ctrl_0_bram_0_blk_mem_gen_prim_wrapper_init__parameterized26
INFO: [VRFC 10-311] analyzing module design_1_axi_bram_ctrl_0_bram_0_blk_mem_gen_prim_wrapper_init__parameterized27
INFO: [VRFC 10-311] analyzing module design_1_axi_bram_ctrl_0_bram_0_blk_mem_gen_prim_wrapper_init__parameterized3
INFO: [VRFC 10-311] analyzing module design_1_axi_bram_ctrl_0_bram_0_blk_mem_gen_prim_wrapper_init__parameterized4
INFO: [VRFC 10-311] analyzing module design_1_axi_bram_ctrl_0_bram_0_blk_mem_gen_prim_wrapper_init__parameterized5
INFO: [VRFC 10-311] analyzing module design_1_axi_bram_ctrl_0_bram_0_blk_mem_gen_prim_wrapper_init__parameterized6
INFO: [VRFC 10-311] analyzing module design_1_axi_bram_ctrl_0_bram_0_blk_mem_gen_prim_wrapper_init__parameterized7
INFO: [VRFC 10-311] analyzing module design_1_axi_bram_ctrl_0_bram_0_blk_mem_gen_prim_wrapper_init__parameterized8
INFO: [VRFC 10-311] analyzing module design_1_axi_bram_ctrl_0_bram_0_blk_mem_gen_prim_wrapper_init__parameterized9
INFO: [VRFC 10-311] analyzing module design_1_axi_bram_ctrl_0_bram_0_blk_mem_gen_top
INFO: [VRFC 10-311] analyzing module design_1_axi_bram_ctrl_0_bram_0_blk_mem_gen_v8_4_5
INFO: [VRFC 10-311] analyzing module design_1_axi_bram_ctrl_0_bram_0_blk_mem_gen_v8_4_5_synth
INFO: [VRFC 10-311] analyzing module design_1_jtag_axi_0_0_blk_mem_gen_generic_cstr
INFO: [VRFC 10-311] analyzing module design_1_jtag_axi_0_0_blk_mem_gen_generic_cstr__parameterized0
INFO: [VRFC 10-311] analyzing module design_1_jtag_axi_0_0_blk_mem_gen_generic_cstr__parameterized0_16
INFO: [VRFC 10-311] analyzing module design_1_jtag_axi_0_0_blk_mem_gen_prim_width
INFO: [VRFC 10-311] analyzing module design_1_jtag_axi_0_0_blk_mem_gen_prim_width__parameterized0
INFO: [VRFC 10-311] analyzing module design_1_jtag_axi_0_0_blk_mem_gen_prim_width__parameterized0_17
INFO: [VRFC 10-311] analyzing module design_1_jtag_axi_0_0_blk_mem_gen_prim_wrapper
INFO: [VRFC 10-311] analyzing module design_1_jtag_axi_0_0_blk_mem_gen_prim_wrapper__parameterized0
INFO: [VRFC 10-311] analyzing module design_1_jtag_axi_0_0_blk_mem_gen_prim_wrapper__parameterized0_18
INFO: [VRFC 10-311] analyzing module design_1_jtag_axi_0_0_blk_mem_gen_top
INFO: [VRFC 10-311] analyzing module design_1_jtag_axi_0_0_blk_mem_gen_top__parameterized0
INFO: [VRFC 10-311] analyzing module design_1_jtag_axi_0_0_blk_mem_gen_top__parameterized0_15
INFO: [VRFC 10-311] analyzing module design_1_jtag_axi_0_0_blk_mem_gen_v8_4_5
INFO: [VRFC 10-311] analyzing module design_1_jtag_axi_0_0_blk_mem_gen_v8_4_5__parameterized1
INFO: [VRFC 10-311] analyzing module design_1_jtag_axi_0_0_blk_mem_gen_v8_4_5__parameterized1_13
INFO: [VRFC 10-311] analyzing module design_1_jtag_axi_0_0_blk_mem_gen_v8_4_5_synth
INFO: [VRFC 10-311] analyzing module design_1_jtag_axi_0_0_blk_mem_gen_v8_4_5_synth__parameterized0
INFO: [VRFC 10-311] analyzing module design_1_jtag_axi_0_0_blk_mem_gen_v8_4_5_synth__parameterized0_14
INFO: [VRFC 10-311] analyzing module design_1_jtag_axi_0_0_clk_x_pntrs
INFO: [VRFC 10-311] analyzing module design_1_jtag_axi_0_0_clk_x_pntrs__parameterized0
INFO: [VRFC 10-311] analyzing module design_1_jtag_axi_0_0_clk_x_pntrs__parameterized0__xdcDup__1
INFO: [VRFC 10-311] analyzing module design_1_jtag_axi_0_0_clk_x_pntrs__xdcDup__1
INFO: [VRFC 10-311] analyzing module design_1_jtag_axi_0_0_dmem
INFO: [VRFC 10-311] analyzing module design_1_jtag_axi_0_0_fifo_generator_ramfifo
INFO: [VRFC 10-311] analyzing module design_1_jtag_axi_0_0_fifo_generator_ramfifo__parameterized0
INFO: [VRFC 10-311] analyzing module design_1_jtag_axi_0_0_fifo_generator_ramfifo__parameterized1
INFO: [VRFC 10-311] analyzing module design_1_jtag_axi_0_0_fifo_generator_ramfifo__parameterized1__xdcDup__1
INFO: [VRFC 10-311] analyzing module design_1_jtag_axi_0_0_fifo_generator_top
INFO: [VRFC 10-311] analyzing module design_1_jtag_axi_0_0_fifo_generator_top__parameterized0
INFO: [VRFC 10-311] analyzing module design_1_jtag_axi_0_0_fifo_generator_top__parameterized1
INFO: [VRFC 10-311] analyzing module design_1_jtag_axi_0_0_fifo_generator_top__parameterized1__xdcDup__1
INFO: [VRFC 10-311] analyzing module design_1_jtag_axi_0_0_fifo_generator_v13_2_7
INFO: [VRFC 10-311] analyzing module design_1_jtag_axi_0_0_fifo_generator_v13_2_7__parameterized0
INFO: [VRFC 10-311] analyzing module design_1_jtag_axi_0_0_fifo_generator_v13_2_7__parameterized1
INFO: [VRFC 10-311] analyzing module design_1_jtag_axi_0_0_fifo_generator_v13_2_7__parameterized1__xdcDup__1
INFO: [VRFC 10-311] analyzing module design_1_jtag_axi_0_0_fifo_generator_v13_2_7_synth
INFO: [VRFC 10-311] analyzing module design_1_jtag_axi_0_0_fifo_generator_v13_2_7_synth__parameterized0
INFO: [VRFC 10-311] analyzing module design_1_jtag_axi_0_0_fifo_generator_v13_2_7_synth__parameterized1
INFO: [VRFC 10-311] analyzing module design_1_jtag_axi_0_0_fifo_generator_v13_2_7_synth__parameterized1__xdcDup__1
INFO: [VRFC 10-311] analyzing module design_1_jtag_axi_0_0_memory
INFO: [VRFC 10-311] analyzing module design_1_jtag_axi_0_0_memory__parameterized0
INFO: [VRFC 10-311] analyzing module design_1_jtag_axi_0_0_memory__parameterized1
INFO: [VRFC 10-311] analyzing module design_1_jtag_axi_0_0_memory__parameterized1_12
INFO: [VRFC 10-311] analyzing module design_1_jtag_axi_0_0_rd_bin_cntr
INFO: [VRFC 10-311] analyzing module design_1_jtag_axi_0_0_rd_bin_cntr_9
INFO: [VRFC 10-311] analyzing module design_1_jtag_axi_0_0_rd_bin_cntr__parameterized0
INFO: [VRFC 10-311] analyzing module design_1_jtag_axi_0_0_rd_bin_cntr__parameterized0_23
INFO: [VRFC 10-311] analyzing module design_1_jtag_axi_0_0_rd_fwft
INFO: [VRFC 10-311] analyzing module design_1_jtag_axi_0_0_rd_fwft_2
INFO: [VRFC 10-311] analyzing module design_1_jtag_axi_0_0_rd_fwft_21
INFO: [VRFC 10-311] analyzing module design_1_jtag_axi_0_0_rd_fwft_7
INFO: [VRFC 10-311] analyzing module design_1_jtag_axi_0_0_rd_logic
INFO: [VRFC 10-311] analyzing module design_1_jtag_axi_0_0_rd_logic_3
INFO: [VRFC 10-311] analyzing module design_1_jtag_axi_0_0_rd_logic__parameterized0
INFO: [VRFC 10-311] analyzing module design_1_jtag_axi_0_0_rd_logic__parameterized0_10
INFO: [VRFC 10-311] analyzing module design_1_jtag_axi_0_0_rd_status_flags_as
INFO: [VRFC 10-311] analyzing module design_1_jtag_axi_0_0_rd_status_flags_as_8
INFO: [VRFC 10-311] analyzing module design_1_jtag_axi_0_0_rd_status_flags_as__parameterized0
INFO: [VRFC 10-311] analyzing module design_1_jtag_axi_0_0_rd_status_flags_as__parameterized0_22
INFO: [VRFC 10-311] analyzing module design_1_jtag_axi_0_0_wr_bin_cntr
INFO: [VRFC 10-311] analyzing module design_1_jtag_axi_0_0_wr_bin_cntr_6
INFO: [VRFC 10-311] analyzing module design_1_jtag_axi_0_0_wr_bin_cntr__parameterized0
INFO: [VRFC 10-311] analyzing module design_1_jtag_axi_0_0_wr_bin_cntr__parameterized0_20
INFO: [VRFC 10-311] analyzing module design_1_jtag_axi_0_0_wr_logic
INFO: [VRFC 10-311] analyzing module design_1_jtag_axi_0_0_wr_logic_4
INFO: [VRFC 10-311] analyzing module design_1_jtag_axi_0_0_wr_logic__parameterized0
INFO: [VRFC 10-311] analyzing module design_1_jtag_axi_0_0_wr_logic__parameterized0_11
INFO: [VRFC 10-311] analyzing module design_1_jtag_axi_0_0_wr_status_flags_as
INFO: [VRFC 10-311] analyzing module design_1_jtag_axi_0_0_wr_status_flags_as_5
INFO: [VRFC 10-311] analyzing module design_1_jtag_axi_0_0_wr_status_flags_as__parameterized0
INFO: [VRFC 10-311] analyzing module design_1_jtag_axi_0_0_wr_status_flags_as__parameterized0_19
INFO: [VRFC 10-311] analyzing module glbl
