Vivado Simulator v2022.1
Copyright 1986-1999, 2001-2022 Xilinx, Inc. All Rights Reserved.
Running: /tools/Xilinx/Vivado/2022.1/bin/unwrapped/lnx64.o/xelab --incr --debug typical --relax --mt 8 -L xil_defaultlib -L unisims_ver -L secureip --snapshot design_1_wrapper_func_impl xil_defaultlib.design_1_wrapper xil_defaultlib.glbl -log elaborate.log 
Using 8 slave threads.
Starting static elaboration
Pass Through NonSizing Optimizer
Completed static elaboration
Starting simulation data flow analysis
Completed simulation data flow analysis
Time Resolution for simulation is 1ps
Compiling module unisims_ver.x_lut2_mux4
Compiling module unisims_ver.LUT2
Compiling module unisims_ver.FDRE_default
Compiling module unisims_ver.x_lut1_mux2
Compiling module unisims_ver.LUT1
Compiling module xil_defaultlib.xsdbm_v3_0_0_ctl_reg
Compiling module unisims_ver.LUT4
Compiling module unisims_ver.x_lut3_mux8
Compiling module unisims_ver.LUT3
Compiling module xil_defaultlib.xsdbm_v3_0_0_stat_reg
Compiling module unisims_ver.LUT6
Compiling module xil_defaultlib.xsdbm_v3_0_0_stat_reg__parameter...
Compiling module unisims_ver.LUT5
Compiling module xil_defaultlib.xsdbm_v3_0_0_ctl_reg__parameteri...
Compiling module xil_defaultlib.xsdbm_v3_0_0_ctl_reg__parameteri...
Compiling module unisims_ver.GND
Compiling module unisims_ver.VCC
Compiling module unisims_ver.FDCE_default
Compiling module xil_defaultlib.synchronizer_ff__parameterized0_...
Compiling module xil_defaultlib.synchronizer_ff__parameterized0_...
Compiling module xil_defaultlib.synchronizer_ff__parameterized0_...
Compiling module xil_defaultlib.synchronizer_ff__parameterized0_...
Compiling module xil_defaultlib.clk_x_pntrs_7
Compiling module unisims_ver.FDPE_default
Compiling module xil_defaultlib.rd_fwft
Compiling module xil_defaultlib.rd_status_flags_as_17
Compiling module xil_defaultlib.rd_handshaking_flags__parameteri...
Compiling module xil_defaultlib.rd_bin_cntr_18
Compiling module xil_defaultlib.rd_logic__parameterized0
Compiling module xil_defaultlib.wr_status_flags_as_14
Compiling module xil_defaultlib.wr_handshaking_flags_15
Compiling module xil_defaultlib.wr_bin_cntr_16
Compiling module xil_defaultlib.wr_logic__parameterized0
Compiling module unisims_ver.RAM32M
Compiling module xil_defaultlib.dmem_13
Compiling module xil_defaultlib.memory__parameterized0
Compiling module xil_defaultlib.synchronizer_ff_9
Compiling module xil_defaultlib.synchronizer_ff_10
Compiling module xil_defaultlib.synchronizer_ff_11
Compiling module xil_defaultlib.synchronizer_ff_12
Compiling module xil_defaultlib.reset_blk_ramfifo_8
Compiling module xil_defaultlib.fifo_generator_ramfifo__paramete...
Compiling module xil_defaultlib.fifo_generator_top__parameterize...
Compiling module xil_defaultlib.fifo_generator_v13_1_4_synth__pa...
Compiling module xil_defaultlib.fifo_generator_v13_1_4__paramete...
Compiling module xil_defaultlib.xsdbm_v3_0_0_rdfifo
Compiling module xil_defaultlib.xsdbm_v3_0_0_rdreg
Compiling module xil_defaultlib.synchronizer_ff__parameterized0
Compiling module xil_defaultlib.synchronizer_ff__parameterized0_...
Compiling module xil_defaultlib.synchronizer_ff__parameterized0_...
Compiling module xil_defaultlib.synchronizer_ff__parameterized0_...
Compiling module xil_defaultlib.clk_x_pntrs
Compiling module xil_defaultlib.rd_status_flags_as
Compiling module xil_defaultlib.rd_handshaking_flags
Compiling module xil_defaultlib.rd_bin_cntr
Compiling module xil_defaultlib.rd_logic
Compiling module xil_defaultlib.wr_status_flags_as
Compiling module xil_defaultlib.wr_handshaking_flags
Compiling module xil_defaultlib.wr_bin_cntr
Compiling module xil_defaultlib.wr_logic
Compiling module xil_defaultlib.dmem
Compiling module xil_defaultlib.memory
Compiling module xil_defaultlib.synchronizer_ff
Compiling module xil_defaultlib.synchronizer_ff_1
Compiling module xil_defaultlib.synchronizer_ff_2
Compiling module xil_defaultlib.synchronizer_ff_3
Compiling module xil_defaultlib.reset_blk_ramfifo
Compiling module xil_defaultlib.fifo_generator_ramfifo
Compiling module xil_defaultlib.fifo_generator_top
Compiling module xil_defaultlib.fifo_generator_v13_1_4_synth
Compiling module xil_defaultlib.fifo_generator_v13_1_4
Compiling module xil_defaultlib.xsdbm_v3_0_0_wrfifo
Compiling module xil_defaultlib.xsdbm_v3_0_0_wrreg
Compiling module xil_defaultlib.xsdbm_v3_0_0_ctl_reg__parameteri...
Compiling module xil_defaultlib.xsdbm_v3_0_0_stat_reg__parameter...
Compiling module xil_defaultlib.xsdbm_v3_0_0_if_static_status
Compiling module xil_defaultlib.xsdbm_v3_0_0_if
Compiling module unisims_ver.CARRY4
Compiling module xil_defaultlib.xsdbm_v3_0_0_addr_ctl
Compiling module xil_defaultlib.xsdbm_v3_0_0_burst_wdlen_ctl
Compiling module xil_defaultlib.xsdbm_v3_0_0_bus_ctl_flg__parame...
Compiling module xil_defaultlib.xsdbm_v3_0_0_bus_ctl_flg
Compiling module xil_defaultlib.xsdbm_v3_0_0_bus_ctl_cnt
Compiling module xil_defaultlib.xsdbm_v3_0_0_bus_ctl
Compiling module xil_defaultlib.ltlib_v1_0_0_generic_mux
Compiling module xil_defaultlib.xsdbm_v3_0_0_bus_mstr2sl_if
Compiling module xil_defaultlib.xsdbm_v3_0_0_icon2xsdb
Compiling module xil_defaultlib.xsdbm_v3_0_0_cmd_decode
Compiling module xil_defaultlib.xsdbm_v3_0_0_stat
Compiling module xil_defaultlib.xsdbm_v3_0_0_sync
Compiling module xil_defaultlib.xsdbm_v3_0_0_icon
Compiling module unisims_ver.BSCANE2
Compiling module xil_defaultlib.ltlib_v1_0_0_bscan
Compiling module unisims_ver.FDSE_default
Compiling module xil_defaultlib.xsdbm_v3_0_0_bscan_switch
Compiling module unisims_ver.BUFG
Compiling module xil_defaultlib.xsdbm_v3_0_0_xsdbm_id
Compiling module xil_defaultlib.xsdbm_v3_0_0_xsdbm
Compiling module xil_defaultlib.dbg_hub
Compiling module xil_defaultlib.design_1_axi_bram_ctrl_0_0_sng_p...
Compiling module xil_defaultlib.design_1_axi_bram_ctrl_0_0_wrap_...
Compiling module xil_defaultlib.design_1_axi_bram_ctrl_0_0_rd_ch...
Compiling module unisims_ver.SRL16E_default
Compiling module xil_defaultlib.design_1_axi_bram_ctrl_0_0_SRL_F...
Compiling module xil_defaultlib.design_1_axi_bram_ctrl_0_0_wrap_...
Compiling module xil_defaultlib.design_1_axi_bram_ctrl_0_0_wr_ch...
Compiling module xil_defaultlib.design_1_axi_bram_ctrl_0_0_full_...
Compiling module xil_defaultlib.design_1_axi_bram_ctrl_0_0_axi_b...
Compiling module xil_defaultlib.design_1_axi_bram_ctrl_0_0_axi_b...
Compiling module xil_defaultlib.design_1_axi_bram_ctrl_0_0
Compiling module unisims_ver.MUXF7
Compiling module unisims_ver.RB36_INTERNAL_VLOG(RDADDR_COLLIS...
Compiling module unisims_ver.RAMB36E1(INIT_00=256'b0101111101...
Compiling module unisims_ver.RB36_INTERNAL_VLOG(RDADDR_COLLIS...
Compiling module unisims_ver.RAMB36E1(RDADDR_COLLISION_HWCONF...
Compiling module unisims_ver.RB36_INTERNAL_VLOG(RDADDR_COLLIS...
Compiling module unisims_ver.RAMB36E1(INIT_00=256'b0110010001...
Compiling module unisims_ver.RB36_INTERNAL_VLOG(RDADDR_COLLIS...
Compiling module unisims_ver.RAMB36E1(INIT_00=256'b0100000010...
Compiling module unisims_ver.RB36_INTERNAL_VLOG(RDADDR_COLLIS...
Compiling module unisims_ver.RAMB36E1(INIT_00=256'b0100010001...
Compiling module unisims_ver.RB36_INTERNAL_VLOG(RDADDR_COLLIS...
Compiling module unisims_ver.RAMB36E1(INIT_00=256'b0100000001...
Compiling module unisims_ver.RB36_INTERNAL_VLOG(RDADDR_COLLIS...
Compiling module unisims_ver.RAMB36E1(INIT_00=256'b0100000000...
Compiling module xil_defaultlib.design_1_axi_bram_ctrl_0_bram_0
Compiling module xil_defaultlib.design_1_axi_gpio_0_0_pselect_f
Compiling module xil_defaultlib.design_1_axi_gpio_0_0_pselect_f_...
Compiling module xil_defaultlib.design_1_axi_gpio_0_0_address_de...
Compiling module xil_defaultlib.design_1_axi_gpio_0_0_slave_atta...
Compiling module xil_defaultlib.design_1_axi_gpio_0_0_axi_lite_i...
Compiling module xil_defaultlib.design_1_axi_gpio_0_0_cdc_sync
Compiling module xil_defaultlib.design_1_axi_gpio_0_0_GPIO_Core
Compiling module xil_defaultlib.design_1_axi_gpio_0_0_axi_gpio
Compiling module xil_defaultlib.design_1_axi_gpio_0_0
Compiling module xil_defaultlib.design_1_auto_pc_0_axi_protocol_...
Compiling module xil_defaultlib.design_1_auto_pc_0_axi_protocol_...
Compiling module xil_defaultlib.design_1_auto_pc_0_axi_protocol_...
Compiling module xil_defaultlib.design_1_auto_pc_0_axi_protocol_...
Compiling module xil_defaultlib.design_1_auto_pc_0_axi_protocol_...
Compiling module unisims_ver.SRLC32E_default
Compiling module xil_defaultlib.design_1_auto_pc_0_axi_protocol_...
Compiling module xil_defaultlib.design_1_auto_pc_0_axi_protocol_...
Compiling module xil_defaultlib.design_1_auto_pc_0_axi_protocol_...
Compiling module xil_defaultlib.design_1_auto_pc_0_axi_register_...
Compiling module xil_defaultlib.design_1_auto_pc_0_axi_register_...
Compiling module xil_defaultlib.design_1_auto_pc_0_axi_register_...
Compiling module xil_defaultlib.design_1_auto_pc_0_axi_register_...
Compiling module xil_defaultlib.design_1_auto_pc_0_axi_register_...
Compiling module xil_defaultlib.design_1_auto_pc_0_axi_protocol_...
Compiling module xil_defaultlib.design_1_auto_pc_0_axi_protocol_...
Compiling module xil_defaultlib.design_1_auto_pc_0_axi_protocol_...
Compiling module xil_defaultlib.design_1_auto_pc_0_axi_protocol_...
Compiling module xil_defaultlib.design_1_auto_pc_0_axi_protocol_...
Compiling module xil_defaultlib.design_1_auto_pc_0_axi_protocol_...
Compiling module xil_defaultlib.design_1_auto_pc_0_axi_protocol_...
Compiling module xil_defaultlib.design_1_auto_pc_0_axi_protocol_...
Compiling module xil_defaultlib.design_1_auto_pc_0_axi_protocol_...
Compiling module xil_defaultlib.design_1_auto_pc_0_axi_protocol_...
Compiling module xil_defaultlib.design_1_auto_pc_0
Compiling module xil_defaultlib.m01_couplers_imp_I4GRPB
Compiling module xil_defaultlib.design_1_auto_pc_1_axi_protocol_...
Compiling module xil_defaultlib.design_1_auto_pc_1
Compiling module xil_defaultlib.s01_couplers_imp_1F69D31
Compiling module xil_defaultlib.design_1_xbar_0_axi_crossbar_v2_...
Compiling module xil_defaultlib.design_1_xbar_0_axi_crossbar_v2_...
Compiling module xil_defaultlib.design_1_xbar_0_axi_crossbar_v2_...
Compiling module xil_defaultlib.design_1_xbar_0_axi_data_fifo_v2...
Compiling module xil_defaultlib.design_1_xbar_0_axi_data_fifo_v2...
Compiling module xil_defaultlib.design_1_xbar_0_axi_crossbar_v2_...
Compiling module xil_defaultlib.design_1_xbar_0_axi_register_sli...
Compiling module xil_defaultlib.design_1_xbar_0_axi_register_sli...
Compiling module xil_defaultlib.design_1_xbar_0_axi_register_sli...
Compiling module xil_defaultlib.design_1_xbar_0_axi_data_fifo_v2...
Compiling module xil_defaultlib.design_1_xbar_0_axi_data_fifo_v2...
Compiling module xil_defaultlib.design_1_xbar_0_axi_crossbar_v2_...
Compiling module xil_defaultlib.design_1_xbar_0_axi_register_sli...
Compiling module xil_defaultlib.design_1_xbar_0_axi_register_sli...
Compiling module xil_defaultlib.design_1_xbar_0_axi_register_sli...
Compiling module xil_defaultlib.design_1_xbar_0_axi_data_fifo_v2...
Compiling module xil_defaultlib.design_1_xbar_0_axi_data_fifo_v2...
Compiling module xil_defaultlib.design_1_xbar_0_axi_crossbar_v2_...
Compiling module xil_defaultlib.design_1_xbar_0_axi_register_sli...
Compiling module xil_defaultlib.design_1_xbar_0_axi_register_sli...
Compiling module xil_defaultlib.design_1_xbar_0_axi_register_sli...
Compiling module xil_defaultlib.design_1_xbar_0_axi_crossbar_v2_...
Compiling module xil_defaultlib.design_1_xbar_0_axi_crossbar_v2_...
Compiling module xil_defaultlib.design_1_xbar_0_axi_crossbar_v2_...
Compiling module xil_defaultlib.design_1_xbar_0_axi_crossbar_v2_...
Compiling module xil_defaultlib.design_1_xbar_0_axi_crossbar_v2_...
Compiling module xil_defaultlib.design_1_xbar_0_axi_data_fifo_v2...
Compiling module xil_defaultlib.design_1_xbar_0_axi_data_fifo_v2...
Compiling module xil_defaultlib.design_1_xbar_0_axi_data_fifo_v2...
Compiling module xil_defaultlib.design_1_xbar_0_axi_crossbar_v2_...
Compiling module xil_defaultlib.design_1_xbar_0_axi_crossbar_v2_...
Compiling module xil_defaultlib.design_1_xbar_0_axi_crossbar_v2_...
Compiling module xil_defaultlib.design_1_xbar_0_axi_crossbar_v2_...
Compiling module xil_defaultlib.design_1_xbar_0_axi_data_fifo_v2...
Compiling module xil_defaultlib.design_1_xbar_0_axi_data_fifo_v2...
Compiling module xil_defaultlib.design_1_xbar_0_axi_data_fifo_v2...
Compiling module xil_defaultlib.design_1_xbar_0_axi_crossbar_v2_...
Compiling module xil_defaultlib.design_1_xbar_0_axi_crossbar_v2_...
Compiling module xil_defaultlib.design_1_xbar_0_axi_crossbar_v2_...
Compiling module xil_defaultlib.design_1_xbar_0_axi_crossbar_v2_...
Compiling module xil_defaultlib.design_1_xbar_0
Compiling module xil_defaultlib.design_1_axi_interconnect_0_0
Compiling module unisims_ver.IBUF
Compiling module unisims_ver.MMCME2_ADV(CLKFBOUT_MULT_F=10.0,...
Compiling module xil_defaultlib.design_1_clk_wiz_0_0_clk_wiz
Compiling module xil_defaultlib.design_1_clk_wiz_0_0
Compiling module xil_defaultlib.design_1_jtag_axi_0_0_xpm_cdc_gr...
Compiling module xil_defaultlib.design_1_jtag_axi_0_0_xpm_cdc_gr...
Compiling module unisims_ver.RB36_INTERNAL_VLOG(RAM_MODE="SDP...
Compiling module unisims_ver.RAMB36E1(RAM_MODE="SDP",READ_WID...
Compiling module xil_defaultlib.design_1_jtag_axi_0_0_xpm_cdc_gr...
Compiling module xil_defaultlib.design_1_jtag_axi_0_0_xpm_cdc_gr...
Compiling module unisims_ver.RB18_INTERNAL_VLOG(RAM_MODE="SDP...
Compiling module unisims_ver.RAMB18E1(RAM_MODE="SDP",READ_WID...
Compiling module xil_defaultlib.design_1_jtag_axi_0_0_xpm_cdc_gr...
Compiling module xil_defaultlib.design_1_jtag_axi_0_0_xpm_cdc_gr...
Compiling module unisims_ver.RAM64M
Compiling module xil_defaultlib.design_1_jtag_axi_0_0_xpm_cdc_gr...
Compiling module xil_defaultlib.design_1_jtag_axi_0_0_xpm_cdc_gr...
Compiling module xil_defaultlib.design_1_jtag_axi_0_0
Compiling module xil_defaultlib.design_1_picorv32_axi_0_0_picorv...
Compiling module unisims_ver.RAM32X1D
Compiling module xil_defaultlib.design_1_picorv32_axi_0_0_picorv...
Compiling module unisims_ver.DSP48E1(ACASCREG=2,ALUMODEREG=0,...
Compiling module unisims_ver.DSP48E1(ACASCREG=2,ALUMODEREG=0,...
Compiling module unisims_ver.DSP48E1(ALUMODEREG=0,CARRYINREG=...
Compiling module unisims_ver.DSP48E1(ACASCREG=2,ALUMODEREG=0,...
Compiling module xil_defaultlib.design_1_picorv32_axi_0_0_picorv...
Compiling module xil_defaultlib.design_1_picorv32_axi_0_0_picorv...
Compiling module xil_defaultlib.design_1_picorv32_axi_0_0_picorv...
Compiling module xil_defaultlib.design_1_picorv32_axi_0_0
Compiling module xil_defaultlib.design_1_proc_sys_reset_0_0_cdc_...
Compiling module xil_defaultlib.design_1_proc_sys_reset_0_0_cdc_...
Compiling module xil_defaultlib.design_1_proc_sys_reset_0_0_lpf
Compiling module xil_defaultlib.design_1_proc_sys_reset_0_0_upcn...
Compiling module xil_defaultlib.design_1_proc_sys_reset_0_0_sequ...
Compiling module xil_defaultlib.design_1_proc_sys_reset_0_0_proc...
Compiling module xil_defaultlib.design_1_proc_sys_reset_0_0
Compiling module xil_defaultlib.design_1_util_vector_logic_0_0
Compiling module xil_defaultlib.design_1
Compiling module unisims_ver.OBUF
Compiling module xil_defaultlib.design_1_wrapper
Compiling module xil_defaultlib.glbl
Built simulation snapshot design_1_wrapper_func_impl
