#-----------------------------------------------------------
# Vivado v2022.1 (64-bit)
# SW Build 3526262 on Mon Apr 18 15:47:01 MDT 2022
# IP Build 3524634 on Mon Apr 18 20:55:01 MDT 2022
# Start of session at: Sat Dec 23 21:14:02 2023
# Process ID: 7334
# Current directory: /home/tortellini/Xilinx_projects/picorv32_project1
# Command line: vivado picorv32_project1.xpr
# Log file: /home/tortellini/Xilinx_projects/picorv32_project1/vivado.log
# Journal file: /home/tortellini/Xilinx_projects/picorv32_project1/vivado.jou
# Running On: tortellini-MS-7B98, OS: Linux, CPU Frequency: 4400.193 MHz, CPU Physical cores: 6, Host memory: 33577 MB
#-----------------------------------------------------------
start_gui
open_project picorv32_project1.xpr
WARNING: [Board 49-26] cannot add Board Part xilinx.com:vpk120_es:part0:1.2 available at /tools/Xilinx/Vivado/2022.1/data/xhub/boards/XilinxBoardStore/boards/Xilinx/vpk120/es/1.2/board.xml as part xcvp1202-vsva2785-2mp-e-s-es1 specified in board_part file is either invalid or not available
WARNING: [Board 49-26] cannot add Board Part xilinx.com:vpk120_es_revb:part0:1.0 available at /tools/Xilinx/Vivado/2022.1/data/xhub/boards/XilinxBoardStore/boards/Xilinx/vpk120_revb/es/1.0/board.xml as part xcvp1202-vsva2785-2mp-e-s-es1 specified in board_part file is either invalid or not available
WARNING: [Board 49-26] cannot add Board Part xilinx.com:zcu208ld:part0:2.0 available at /tools/Xilinx/Vivado/2022.1/data/xhub/boards/XilinxBoardStore/boards/Xilinx/zcu208ld/production/2.0/board.xml as part xczu58dr-fsvg1517-2-i specified in board_part file is either invalid or not available
WARNING: [Board 49-26] cannot add Board Part xilinx.com:zcu216ld:part0:2.0 available at /tools/Xilinx/Vivado/2022.1/data/xhub/boards/XilinxBoardStore/boards/Xilinx/zcu216ld/production/2.0/board.xml as part xczu59dr-ffvf1760-2-i specified in board_part file is either invalid or not available
WARNING: [Board 49-26] cannot add Board Part xilinx.com:zcu670:part0:2.0 available at /tools/Xilinx/Vivado/2022.1/data/xhub/boards/XilinxBoardStore/boards/Xilinx/zcu670/2.0/board.xml as part xczu67dr-fsve1156-2-i specified in board_part file is either invalid or not available
WARNING: [Board 49-26] cannot add Board Part xilinx.com:zcu670ld:part0:1.0 available at /tools/Xilinx/Vivado/2022.1/data/xhub/boards/XilinxBoardStore/boards/Xilinx/zcu670ld/1.0/board.xml as part xczu57dr-fsve1156-2-i specified in board_part file is either invalid or not available
CRITICAL WARNING: [Project 1-19] Could not find the file '/home/tortellini/Xilinx_projects/picorv32_project1/helloworld/build/test.coe'.
Scanning sources...
Finished scanning sources
INFO: [IP_Flow 19-234] Refreshing IP repositories
INFO: [IP_Flow 19-1700] Loaded user IP repository '/home/tortellini/Xilinx_projects/picorv32_ip'.
INFO: [IP_Flow 19-2313] Loaded Vivado IP repository '/tools/Xilinx/Vivado/2022.1/data/ip'.
open_project: Time (s): cpu = 00:00:18 ; elapsed = 00:00:10 . Memory (MB): peak = 7662.828 ; gain = 84.184 ; free physical = 20970 ; free virtual = 29814
update_compile_order -fileset sources_1
open_bd_design {/home/tortellini/Xilinx_projects/picorv32_project1/picorv32_project1.srcs/sources_1/bd/design_1/design_1.bd}
Reading block design file </home/tortellini/Xilinx_projects/picorv32_project1/picorv32_project1.srcs/sources_1/bd/design_1/design_1.bd>...
Adding component instance block -- xilinx.com:ip:clk_wiz:6.0 - clk_wiz_0
Adding component instance block -- xilinx.com:ip:axi_bram_ctrl:4.1 - axi_bram_ctrl_0
Adding component instance block -- xilinx.com:ip:axi_gpio:2.0 - axi_gpio_0
Adding component instance block -- xilinx.com:ip:proc_sys_reset:5.0 - proc_sys_reset_0
Adding component instance block -- xilinx.com:ip:blk_mem_gen:8.4 - axi_bram_ctrl_0_bram
Adding component instance block -- xilinx.com:ip:axi_interconnect:2.1 - axi_interconnect_0
Adding component instance block -- xilinx.com:ip:axi_crossbar:2.1 - xbar
Adding component instance block -- xilinx.com:ip:axi_protocol_converter:2.1 - auto_pc
Adding component instance block -- xilinx.com:ip:axi_protocol_converter:2.1 - auto_pc
Adding component instance block -- xilinx.com:ip:axi_protocol_converter:2.1 - auto_pc
Adding component instance block -- xilinx.com:ip:axi_mmu:2.1 - s00_mmu
Adding component instance block -- xilinx.com:ip:jtag_axi:1.2 - jtag_axi_0
Adding component instance block -- xilinx.com:ip:axi_uartlite:2.0 - axi_uartlite_0
Adding component instance block -- xilinx.com:ip:system_ila:1.1 - system_ila_0
Adding component instance block -- user.org:user:picorv32_axi:1.0 - picorv32_axi_0
Adding component instance block -- xilinx.com:ip:util_vector_logic:2.0 - util_vector_logic_0
Adding component instance block -- xilinx.com:ip:axi_bram_ctrl:4.1 - axi_bram_ctrl_1
Adding component instance block -- xilinx.com:ip:blk_mem_gen:8.4 - blk_mem_gen_0
Successfully read diagram <design_1> from block design file </home/tortellini/Xilinx_projects/picorv32_project1/picorv32_project1.srcs/sources_1/bd/design_1/design_1.bd>
WARNING: [IP_Flow 19-4067] Ignoring invalid widget type specified checkbox.Providing a default widget
WARNING: [IP_Flow 19-4067] Ignoring invalid widget type specified checkbox.Providing a default widget
INFO: [IP_Flow 19-3484] Absolute path of file '/home/tortellini/Xilinx_projects/picorv32_project1/helloworld/build/test2.coe' provided. It will be converted relative to IP Instance files '../../../../helloworld/build/test2.coe'
startgroup
set_property -dict [list CONFIG.Coe_File {/home/tortellini/Xilinx_projects/picorv32_project1/helloworld/build/test2.coe}] [get_bd_cells axi_bram_ctrl_0_bram]
INFO: [IP_Flow 19-3484] Absolute path of file '/home/tortellini/Xilinx_projects/picorv32_project1/helloworld/build/test2.coe' provided. It will be converted relative to IP Instance files '../../../../../../helloworld/build/test2.coe'
endgroup
save_bd_design
Wrote  : </home/tortellini/Xilinx_projects/picorv32_project1/picorv32_project1.srcs/sources_1/bd/design_1/design_1.bd> 
Wrote  : </home/tortellini/Xilinx_projects/picorv32_project1/picorv32_project1.srcs/sources_1/bd/design_1/ui/bd_1f5defd0.ui> 
reset_run synth_1
INFO: [Project 1-1161] Replacing file /home/tortellini/Xilinx_projects/picorv32_project1/picorv32_project1.srcs/utils_1/imports/synth_1/system_wrapper.dcp with file /home/tortellini/Xilinx_projects/picorv32_project1/picorv32_project1.runs/synth_1/design_1_wrapper.dcp
launch_runs impl_1 -to_step write_bitstream -jobs 3
INFO: [xilinx.com:ip:clk_wiz:6.0-1] /clk_wiz_0 clk_wiz propagate
INFO: [xilinx.com:ip:clk_wiz:6.0-1] /clk_wiz_0 clk_wiz propagate
Wrote  : </home/tortellini/Xilinx_projects/picorv32_project1/picorv32_project1.srcs/sources_1/bd/design_1/design_1.bd> 
WARNING: [BD 41-2384] Width mismatch when connecting pin: '/axi_interconnect_0/xbar/s_axi_awid'(2) to pin: '/axi_interconnect_0/s00_couplers/M_AXI_awid'(1) - Only lower order bits will be connected.
WARNING: [BD 41-2384] Width mismatch when connecting pin: '/axi_interconnect_0/xbar/s_axi_arid'(2) to pin: '/axi_interconnect_0/s00_couplers/M_AXI_arid'(1) - Only lower order bits will be connected.
WARNING: [BD 41-2384] Width mismatch when connecting pin: '/axi_interconnect_0/s00_mmu/m_axi_rid'(1) to pin: '/axi_interconnect_0/s00_couplers/S_AXI_rid'(2) - Only lower order bits will be connected.
WARNING: [BD 41-2384] Width mismatch when connecting pin: '/axi_interconnect_0/s00_mmu/m_axi_bid'(1) to pin: '/axi_interconnect_0/s00_couplers/S_AXI_bid'(2) - Only lower order bits will be connected.
WARNING: [BD 41-2384] Width mismatch when connecting pin: '/axi_bram_ctrl_0_bram/addra'(32) to pin: '/axi_bram_ctrl_0/bram_addr_a'(17) - Only lower order bits will be connected.
WARNING: [BD 41-2384] Width mismatch when connecting pin: '/blk_mem_gen_0/addra'(32) to pin: '/axi_bram_ctrl_1/bram_addr_a'(14) - Only lower order bits will be connected.
WARNING: [BD 41-2384] Width mismatch when connecting pin: '/blk_mem_gen_0/addrb'(32) to pin: '/axi_bram_ctrl_1/bram_addr_b'(14) - Only lower order bits will be connected.
Verilog Output written to : /home/tortellini/Xilinx_projects/picorv32_project1/picorv32_project1.gen/sources_1/bd/design_1/synth/design_1.v
WARNING: [BD 41-2384] Width mismatch when connecting pin: '/axi_interconnect_0/xbar/s_axi_awid'(2) to pin: '/axi_interconnect_0/s00_couplers/M_AXI_awid'(1) - Only lower order bits will be connected.
WARNING: [BD 41-2384] Width mismatch when connecting pin: '/axi_interconnect_0/xbar/s_axi_arid'(2) to pin: '/axi_interconnect_0/s00_couplers/M_AXI_arid'(1) - Only lower order bits will be connected.
WARNING: [BD 41-2384] Width mismatch when connecting pin: '/axi_interconnect_0/s00_mmu/m_axi_rid'(1) to pin: '/axi_interconnect_0/s00_couplers/S_AXI_rid'(2) - Only lower order bits will be connected.
WARNING: [BD 41-2384] Width mismatch when connecting pin: '/axi_interconnect_0/s00_mmu/m_axi_bid'(1) to pin: '/axi_interconnect_0/s00_couplers/S_AXI_bid'(2) - Only lower order bits will be connected.
WARNING: [BD 41-2384] Width mismatch when connecting pin: '/axi_bram_ctrl_0_bram/addra'(32) to pin: '/axi_bram_ctrl_0/bram_addr_a'(17) - Only lower order bits will be connected.
WARNING: [BD 41-2384] Width mismatch when connecting pin: '/blk_mem_gen_0/addra'(32) to pin: '/axi_bram_ctrl_1/bram_addr_a'(14) - Only lower order bits will be connected.
WARNING: [BD 41-2384] Width mismatch when connecting pin: '/blk_mem_gen_0/addrb'(32) to pin: '/axi_bram_ctrl_1/bram_addr_b'(14) - Only lower order bits will be connected.
Verilog Output written to : /home/tortellini/Xilinx_projects/picorv32_project1/picorv32_project1.gen/sources_1/bd/design_1/sim/design_1.v
Verilog Output written to : /home/tortellini/Xilinx_projects/picorv32_project1/picorv32_project1.gen/sources_1/bd/design_1/hdl/design_1_wrapper.v
INFO: [BD 41-1029] Generation completed for the IP Integrator block axi_bram_ctrl_0_bram .
Exporting to file /home/tortellini/Xilinx_projects/picorv32_project1/picorv32_project1.gen/sources_1/bd/design_1/ip/design_1_system_ila_0_0/bd_0/hw_handoff/design_1_system_ila_0_0.hwh
Generated Hardware Definition File /home/tortellini/Xilinx_projects/picorv32_project1/picorv32_project1.gen/sources_1/bd/design_1/ip/design_1_system_ila_0_0/bd_0/synth/design_1_system_ila_0_0.hwdef
INFO: [BD 41-1029] Generation completed for the IP Integrator block axi_interconnect_0/s01_couplers/auto_pc .
INFO: [BD 41-1029] Generation completed for the IP Integrator block axi_interconnect_0/m01_couplers/auto_pc .
INFO: [BD 41-1029] Generation completed for the IP Integrator block axi_interconnect_0/m02_couplers/auto_pc .
INFO: [BD 41-1029] Generation completed for the IP Integrator block axi_interconnect_0/s00_mmu .
Exporting to file /home/tortellini/Xilinx_projects/picorv32_project1/picorv32_project1.gen/sources_1/bd/design_1/hw_handoff/design_1.hwh
Generated Hardware Definition File /home/tortellini/Xilinx_projects/picorv32_project1/picorv32_project1.gen/sources_1/bd/design_1/synth/design_1.hwdef
[Sat Dec 23 21:17:21 2023] Launched synth_1...
Run output will be captured here: /home/tortellini/Xilinx_projects/picorv32_project1/picorv32_project1.runs/synth_1/runme.log
[Sat Dec 23 21:17:21 2023] Launched impl_1...
Run output will be captured here: /home/tortellini/Xilinx_projects/picorv32_project1/picorv32_project1.runs/impl_1/runme.log
launch_runs: Time (s): cpu = 00:00:23 ; elapsed = 00:00:24 . Memory (MB): peak = 9442.457 ; gain = 257.945 ; free physical = 18116 ; free virtual = 27136
export_ip_user_files -of_objects  [get_files /home/tortellini/Xilinx_projects/picorv32_project1/helloworld/build/test.coe] -no_script -reset -force -quiet
remove_files  /home/tortellini/Xilinx_projects/picorv32_project1/helloworld/build/test.coe
reset_run synth_1
launch_runs impl_1 -to_step write_bitstream -jobs 3
[Sat Dec 23 21:18:21 2023] Launched synth_1...
Run output will be captured here: /home/tortellini/Xilinx_projects/picorv32_project1/picorv32_project1.runs/synth_1/runme.log
[Sat Dec 23 21:18:21 2023] Launched impl_1...
Run output will be captured here: /home/tortellini/Xilinx_projects/picorv32_project1/picorv32_project1.runs/impl_1/runme.log
open_hw_manager
connect_hw_server -allow_non_jtag
INFO: [Labtools 27-2285] Connecting to hw_server url TCP:localhost:3121
INFO: [Labtools 27-2222] Launching hw_server...
INFO: [Labtools 27-2221] Launch Output:

****** Xilinx hw_server v2022.1
  **** Build date : Apr 18 2022 at 16:10:30
    ** Copyright 1986-2022 Xilinx, Inc. All Rights Reserved.


INFO: [Labtools 27-3415] Connecting to cs_server url TCP:localhost:3042
INFO: [Labtools 27-3417] Launching cs_server...
INFO: [Labtools 27-2221] Launch Output:


******** Xilinx cs_server v2022.1.0
  ****** Build date   : Apr 12 2022-14:12:08
    **** Build number : 2022.1.1649790728
      ** Copyright 2017-2023 Xilinx, Inc. All Rights Reserved.



open_hw_target
INFO: [Labtoolstcl 44-466] Opening hw_target localhost:3121/xilinx_tcf/Digilent/210319AE16BAA
set_property PROGRAM.FILE {/home/tortellini/Xilinx_projects/picorv32_project1/picorv32_project1.runs/impl_1/design_1_wrapper.bit} [get_hw_devices xc7a35t_0]
set_property PROBES.FILE {/home/tortellini/Xilinx_projects/picorv32_project1/picorv32_project1.runs/impl_1/design_1_wrapper.ltx} [get_hw_devices xc7a35t_0]
set_property FULL_PROBES.FILE {/home/tortellini/Xilinx_projects/picorv32_project1/picorv32_project1.runs/impl_1/design_1_wrapper.ltx} [get_hw_devices xc7a35t_0]
current_hw_device [get_hw_devices xc7a35t_0]
refresh_hw_device [lindex [get_hw_devices xc7a35t_0] 0]
INFO: [Labtools 27-2302] Device xc7a35t (JTAG device index = 0) is programmed with a design that has 1 ILA core(s).
INFO: [Labtools 27-2302] Device xc7a35t (JTAG device index = 0) is programmed with a design that has 1 JTAG AXI core(s).
create_hw_cfgmem -hw_device [get_hw_devices xc7a35t_0] -mem_dev [lindex [get_cfgmem_parts {mt25ql128-spi-x1_x2_x4}] 0]
display_hw_ila_data [ get_hw_ila_data hw_ila_data_1 -of_objects [get_hw_ilas -of_objects [get_hw_devices xc7a35t_0] -filter {CELL_NAME=~"design_1_i/system_ila_0/inst/ila_lib"}]]
Processed interface picorv32_axi_0_mem_axi_ila1_slot0
set_property PROBES.FILE {/home/tortellini/Xilinx_projects/picorv32_project1/picorv32_project1.runs/impl_1/design_1_wrapper.ltx} [get_hw_devices xc7a35t_0]
set_property FULL_PROBES.FILE {/home/tortellini/Xilinx_projects/picorv32_project1/picorv32_project1.runs/impl_1/design_1_wrapper.ltx} [get_hw_devices xc7a35t_0]
set_property PROGRAM.FILE {/home/tortellini/Xilinx_projects/picorv32_project1/picorv32_project1.runs/impl_1/design_1_wrapper.bit} [get_hw_devices xc7a35t_0]
program_hw_devices [get_hw_devices xc7a35t_0]
INFO: [Labtools 27-3164] End of startup status: HIGH
refresh_hw_device [lindex [get_hw_devices xc7a35t_0] 0]
INFO: [Labtools 27-2302] Device xc7a35t (JTAG device index = 0) is programmed with a design that has 1 ILA core(s).
INFO: [Labtools 27-2302] Device xc7a35t (JTAG device index = 0) is programmed with a design that has 1 JTAG AXI core(s).
Processed interface picorv32_axi_0_mem_axi_ila1_slot0
open_bd_design {/home/tortellini/Xilinx_projects/picorv32_project1/picorv32_project1.srcs/sources_1/bd/design_1/design_1.bd}
